Godot Engine v4.4.1.stable.mono.official.49a5bc7b6 - https://godotengine.org
Vulkan 1.3.260 - Forward+ - Using Device #0: AMD - AMD Radeon(TM) Graphics

WARNING: res://scenes/robot/robot.tscn:4 - ext_resource, invalid UID: uid://dau8w8quwnwpj - using text path instead: res://blender/robot.blend
   at: load (scene/resources/resource_format_text.cpp:447)
Level Started: 0
Level Started: 1
Level Started: 2
Level Started: 3
Level Started: 4
Level Started: 5
spawning nodes
spawning nodes
getting command line arguments
uid://mwsee7v5ksaq
{ "uid://mwsee7v5ksaq": "" }
{ "uid://mwsee7v5ksaq": "" }
{ "uid://mwsee7v5ksaq": "" }
physics ticks 120 2.0 2 2
Waiting for one second to allow server to start
trying to connect to server
WARNING: Unable to set TCP no delay option.
   at: set_tcp_no_delay_enabled (drivers/windows/net_socket_winsock.cpp:542)
WARNING: Couldn't connect to Python server, using human controls instead. Did you start the training server using e.g. `gdrl` from the console?
   at: push_warning (core/variant/variant_utility.cpp:1118)
{ "uid://mwsee7v5ksaq": "" }
{ "uid://mwsee7v5ksaq": "" }
Level 1 completed!
🕒 Time taken for Level 1: 44.94 seconds
___Reset____
Level 2 completed!
🕒 Time taken for Level 2: 47.52 seconds
___Reset____
Level 3 completed!
🕒 Time taken for Level 3: 50.24 seconds
___Reset____
Level 4 completed!
🕒 Time taken for Level 4: 59.03 seconds
___Reset____
Level 5 completed!
🕒 Time taken for Level 5: 87.84 seconds
___Reset____
___Reset____
___Reset____
Level 6 completed!
🕒 Time taken for Level 6: 100.89 seconds
___Reset____
