Godot Engine v4.4.1.stable.mono.official.49a5bc7b6 - https://godotengine.org
Vulkan 1.3.260 - Forward+ - Using Device #0: AMD - AMD Radeon(TM) Graphics

WARNING: res://scenes/robot/robot.tscn:4 - ext_resource, invalid UID: uid://dau8w8quwnwpj - using text path instead: res://blender/robot.blend
   at: load (scene/resources/resource_format_text.cpp:447)
Level Started: 0
Level Started: 1
Level Started: 2
Level Started: 3
Level Started: 4
Level Started: 5
spawning nodes
spawning nodes
Level Started: 0
Level Started: 1
Level Started: 2
Level Started: 3
Level Started: 4
Level Started: 5
spawning nodes
spawning nodes
getting command line arguments
uid://b60wttcr7f5ci
{ "uid://b60wttcr7f5ci": "" }
{ "uid://b60wttcr7f5ci": "" }
{ "uid://b60wttcr7f5ci": "" }
physics ticks 120 2.0 2 2
OS: Windows Compute API: CPU
{ "uid://b60wttcr7f5ci": "" }
{ "uid://b60wttcr7f5ci": "" }
Level 1 completed!
🕒 Time taken for Level 1: 2.91 seconds
Level 1 completed!
🕒 Time taken for Level 1: 2.91 seconds
___Reset____
___Reset____
