Godot Engine v4.4.1.stable.mono.official.49a5bc7b6 - https://godotengine.org
Vulkan 1.3.260 - Forward+ - Using Device #0: AMD - AMD Radeon(TM) Graphics

WARNING: res://scenes/robot/robot.tscn:4 - ext_resource, invalid UID: uid://dau8w8quwnwpj - using text path instead: res://blender/robot.blend
   at: load (scene/resources/resource_format_text.cpp:447)
Level Started: 0
Level Started: 1
Level Started: 2
Level Started: 3
Level Started: 4
Level Started: 5
spawning nodes
spawning nodes
getting command line arguments
uid://mwsee7v5ksaq
{ "uid://mwsee7v5ksaq": "" }
{ "uid://mwsee7v5ksaq": "" }
{ "uid://mwsee7v5ksaq": "" }
physics ticks 120 2.0 2 2
Waiting for one second to allow server to start
trying to connect to server
performing handshake
WARNING: minor verison mismatch 7 10
handshake complete
{ "uid://mwsee7v5ksaq": "" }
{ "uid://mwsee7v5ksaq": "" }
resetting all agents
___Reset____
Stalled near goal: Penalty -0.03
Penalty for moving away from goal: 0.0
Stalled near goal: Penalty -0.03
Progress toward goal: +0.30329036712646
Progress toward goal: +0.03462409973145
Penalty for moving away from goal: -0.34480857849121
Progress toward goal: +0.09850645065308
Penalty for moving away from goal: -0.05377674102783
Penalty for moving away from goal: -0.06172800064087
Stalled near goal: Penalty -0.03
Progress toward goal: +0.29488706588745
Penalty for moving away from goal: -0.03667545318604
Penalty for moving away from goal: -0.37125682830811
Penalty for moving away from goal: -0.71520471572876
Penalty for moving away from goal: -0.29921865463257
Progress toward goal: +0.00195693969727
Stalled near goal: Penalty -0.03
Progress toward goal: +0.17641830444336
Penalty for moving away from goal: -0.12627172470093
Penalty for moving away from goal: -0.3165922164917
Progress toward goal: +0.06162691116333
Penalty for moving away from goal: -0.03020858764648
Progress toward goal: +0.11439371109009
Penalty for moving away from goal: -0.00542688369751
Penalty for moving away from goal: -0.0185079574585
Stalled near goal: Penalty -0.03
Progress toward goal: +0.175368309021
Progress toward goal: +0.20216703414917
Penalty for moving away from goal: -0.11194038391113
Progress toward goal: +0.04194641113281
Progress toward goal: +0.3053879737854
Progress toward goal: +0.44777250289917
Penalty for moving away from goal: -0.17069005966187
Penalty for moving away from goal: -0.07234477996826
Penalty for moving away from goal: -0.26714897155762
Penalty for moving away from goal: -0.24906587600708
Penalty for moving away from goal: -0.00563192367554
Stalled near goal: Penalty -0.03
Penalty for moving away from goal: -0.29544305801392
Penalty for moving away from goal: -0.69295072555542
Penalty for moving away from goal: -0.99035787582397
Penalty for moving away from goal: -0.20952224731445
Penalty for moving away from goal: -0.04847240447998
Progress toward goal: +0.19013118743896
___Reset____
Progress toward goal: +2.98323392868042
Progress toward goal: +0.08896064758301
Penalty for moving away from goal: -0.07274580001831
Progress toward goal: +0.19197273254395
Progress toward goal: +0.23383283615112
Penalty for moving away from goal: -0.4266471862793
Penalty for moving away from goal: -0.25919723510742
Progress toward goal: +0.26805210113525
Penalty for moving away from goal: -0.17839384078979
Progress toward goal: +0.0335168838501
Progress toward goal: +0.15109348297119
Progress toward goal: +0.0105767250061
Stalled near goal: Penalty -0.03
Penalty for moving away from goal: 0.0
Stalled near goal: Penalty -0.03
Penalty for moving away from goal: -0.28175449371338
Progress toward goal: +0.03226327896118
Progress toward goal: +0.11279201507568
Progress toward goal: +0.23734331130981
Progress toward goal: +0.24124336242676
Penalty for moving away from goal: -0.16638326644897
Penalty for moving away from goal: -0.69217443466187
Penalty for moving away from goal: -0.36227083206177
Penalty for moving away from goal: -0.38590431213379
Penalty for moving away from goal: -0.28911352157593
Penalty for moving away from goal: -0.08525514602661
Penalty for moving away from goal: -0.5268383026123
Penalty for moving away from goal: -0.84387874603271
Penalty for moving away from goal: -1.20447540283203
Penalty for moving away from goal: -0.82181167602539
Progress toward goal: +0.18481731414795
___Reset____
Progress toward goal: +4.97831106185913
Penalty for moving away from goal: -0.12227010726929
Penalty for moving away from goal: -0.34211111068726
Penalty for moving away from goal: -0.83307027816772
Penalty for moving away from goal: -0.50194835662842
Penalty for moving away from goal: -0.12608337402344
Penalty for moving away from goal: -0.00425052642822
Penalty for moving away from goal: 0.0
___Reset____
Progress toward goal: +1.82021617889404
Progress toward goal: +0.06040048599243
Progress toward goal: +0.22238397598267
Progress toward goal: +0.02264022827148
Progress toward goal: +0.12200212478638
Progress toward goal: +0.12944984436035
Penalty for moving away from goal: -0.03367853164673
Progress toward goal: +0.39346885681152
Penalty for moving away from goal: -0.00932788848877
Penalty for moving away from goal: -0.1722583770752
Penalty for moving away from goal: -0.08940505981445
Stalled near goal: Penalty -0.03
Progress toward goal: +0.22315168380737
Penalty for moving away from goal: -0.11339235305786
Progress toward goal: +0.15763378143311
Progress toward goal: +0.15717649459839
Stalled near goal: Penalty -0.03
Penalty for moving away from goal: -0.2818751335144
Penalty for moving away from goal: -0.06786489486694
Penalty for moving away from goal: -0.26431608200073
Progress toward goal: +0.15702676773071
Progress toward goal: +0.13509321212769
Penalty for moving away from goal: -0.0925612449646
